
/home/runner/work/exp-weld-joints-iitkgp/exp-weld-joints-iitkgp/experiment/license/view.js
  1:246  warning  Unnecessary semicolon  no-extra-semi

/home/runner/work/exp-weld-joints-iitkgp/exp-weld-joints-iitkgp/experiment/simulation/Simulation_New/js/adibuvgg1.js
   30:5   warning  '$' is not defined                        no-undef
  116:7   warning  'ctr' is assigned a value but never used  no-unused-vars
  198:15  warning  'dir' is assigned a value but never used  no-unused-vars
  318:5   warning  '$' is not defined                        no-undef

/home/runner/work/exp-weld-joints-iitkgp/exp-weld-joints-iitkgp/experiment/simulation/Simulation_New/js/adibuvgg2.js
   30:5   warning  '$' is not defined                        no-undef
  197:15  warning  'dir' is assigned a value but never used  no-unused-vars
  236:7   warning  'ctr' is assigned a value but never used  no-unused-vars
  237:21  warning  'k' is assigned a value but never used    no-unused-vars
  321:5   warning  '$' is not defined                        no-undef

/home/runner/work/exp-weld-joints-iitkgp/exp-weld-joints-iitkgp/experiment/simulation/Simulation_New/js/adibuvgg3.js
   30:5   warning  '$' is not defined                        no-undef
  197:15  warning  'dir' is assigned a value but never used  no-unused-vars
  236:7   warning  'ctr' is assigned a value but never used  no-unused-vars
  237:21  warning  'k' is assigned a value but never used    no-unused-vars
  321:5   warning  '$' is not defined                        no-undef

/home/runner/work/exp-weld-joints-iitkgp/exp-weld-joints-iitkgp/experiment/simulation/Simulation_New/js/adibuvgg4.js
   30:5   warning  '$' is not defined                        no-undef
  198:15  warning  'dir' is assigned a value but never used  no-unused-vars
  239:7   warning  'ctr' is assigned a value but never used  no-unused-vars
  240:21  warning  'k' is assigned a value but never used    no-unused-vars
  324:5   warning  '$' is not defined                        no-undef

/home/runner/work/exp-weld-joints-iitkgp/exp-weld-joints-iitkgp/experiment/simulation/Simulation_New/js/adiwep1.js
   2:1   warning  '$' is not defined  no-undef
   3:5   warning  '$' is not defined  no-undef
   4:5   warning  '$' is not defined  no-undef
   7:1   warning  '$' is not defined  no-undef
   8:18  warning  '$' is not defined  no-undef
   8:56  warning  '$' is not defined  no-undef
   8:94  warning  '$' is not defined  no-undef
   9:5   warning  '$' is not defined  no-undef
  11:9   warning  '$' is not defined  no-undef
  18:13  warning  '$' is not defined  no-undef

/home/runner/work/exp-weld-joints-iitkgp/exp-weld-joints-iitkgp/experiment/simulation/Simulation_New_3/js/adibuvgg1.js
   30:5   warning  '$' is not defined                        no-undef
   63:26  warning  'error' is defined but never used         no-unused-vars
   80:26  warning  'error' is defined but never used         no-unused-vars
   99:26  warning  'error' is defined but never used         no-unused-vars
  211:15  warning  'dir' is assigned a value but never used  no-unused-vars
  251:21  warning  'k' is assigned a value but never used    no-unused-vars
  296:38  warning  'error' is defined but never used         no-unused-vars
  311:5   warning  '$' is not defined                        no-undef

/home/runner/work/exp-weld-joints-iitkgp/exp-weld-joints-iitkgp/experiment/simulation/Simulation_New_3/js/adibuvgg2.js
   30:5   warning  '$' is not defined                        no-undef
   63:26  warning  'error' is defined but never used         no-unused-vars
   80:26  warning  'error' is defined but never used         no-unused-vars
   99:26  warning  'error' is defined but never used         no-unused-vars
  213:15  warning  'dir' is assigned a value but never used  no-unused-vars
  253:21  warning  'k' is assigned a value but never used    no-unused-vars
  301:38  warning  'error' is defined but never used         no-unused-vars
  316:5   warning  '$' is not defined                        no-undef

/home/runner/work/exp-weld-joints-iitkgp/exp-weld-joints-iitkgp/experiment/simulation/Simulation_New_3/js/adibuvgg3.js
   30:5   warning  '$' is not defined                        no-undef
   63:26  warning  'error' is defined but never used         no-unused-vars
   80:26  warning  'error' is defined but never used         no-unused-vars
   99:26  warning  'error' is defined but never used         no-unused-vars
  212:15  warning  'dir' is assigned a value but never used  no-unused-vars
  252:21  warning  'k' is assigned a value but never used    no-unused-vars
  312:5   warning  '$' is not defined                        no-undef

/home/runner/work/exp-weld-joints-iitkgp/exp-weld-joints-iitkgp/experiment/simulation/Simulation_New_3/js/adibuvgg4.js
   30:5   warning  '$' is not defined                      no-undef
   63:26  warning  'error' is defined but never used       no-unused-vars
   80:26  warning  'error' is defined but never used       no-unused-vars
   99:26  warning  'error' is defined but never used       no-unused-vars
  253:21  warning  'k' is assigned a value but never used  no-unused-vars
  299:38  warning  'error' is defined but never used       no-unused-vars
  314:5   warning  '$' is not defined                      no-undef

/home/runner/work/exp-weld-joints-iitkgp/exp-weld-joints-iitkgp/experiment/simulation/Simulation_New_3/js/adiwep1.js
   2:1   warning  '$' is not defined  no-undef
   3:5   warning  '$' is not defined  no-undef
   4:5   warning  '$' is not defined  no-undef
   8:1   warning  '$' is not defined  no-undef
   9:18  warning  '$' is not defined  no-undef
   9:56  warning  '$' is not defined  no-undef
   9:94  warning  '$' is not defined  no-undef
  10:5   warning  '$' is not defined  no-undef
  12:9   warning  '$' is not defined  no-undef
  19:13  warning  '$' is not defined  no-undef

✖ 70 problems (0 errors, 70 warnings)
  0 errors and 1 warning potentially fixable with the `--fix` option.

